#
# There is insufficient memory for the Java Runtime Environment to continue.
# Native memory allocation (malloc) failed to allocate 729856 bytes for Chunk::new
# Possible reasons:
#   The system is out of physical RAM or swap space
#   In 32 bit mode, the process size limit was hit
# Possible solutions:
#   Reduce memory load on the system
#   Increase physical memory or swap space
#   Check if swap backing store is full
#   Use 64 bit Java on a 64 bit OS
#   Decrease Java heap size (-Xmx/-Xms)
#   Decrease number of Java threads
#   Decrease Java thread stack sizes (-Xss)
#   Set larger code cache with -XX:ReservedCodeCacheSize=
# This output file may be truncated or incomplete.
#
#  Out of Memory Error (allocation.cpp:323), pid=5528, tid=6232
#
# JRE version: Java(TM) SE Runtime Environment (7.0_55-b13) (build 1.7.0_55-b13)
# Java VM: Java HotSpot(TM) 64-Bit Server VM (24.55-b03 mixed mode windows-amd64 compressed oops)
# Failed to write core dump. Minidumps are not enabled by default on client versions of Windows
#

---------------  T H R E A D  ---------------

Current thread (0x000000000af13000):  JavaThread "C2 CompilerThread0" daemon [_thread_in_native, id=6232, stack(0x000000000d120000,0x000000000d220000)]

Stack: [0x000000000d120000,0x000000000d220000]

Current CompileTask:
C2:   3735  135             vscapeClient.Class13::method227 (2075 bytes)


---------------  P R O C E S S  ---------------

Java Threads: ( => current thread )
  0x000000000dc20800 JavaThread "Keep-Alive-Timer" daemon [_thread_blocked, id=844, stack(0x000000000f020000,0x000000000f120000)]
  0x0000000001e1d800 JavaThread "DestroyJavaVM" [_thread_blocked, id=6688, stack(0x00000000020b0000,0x00000000021b0000)]
  0x000000000d925800 JavaThread "Thread-5" [_thread_in_vm, id=6100, stack(0x000000000f2b0000,0x000000000f3b0000)]
  0x000000000be2f800 JavaThread "Thread-4" daemon [_thread_blocked, id=6876, stack(0x000000000f180000,0x000000000f280000)]
  0x000000000d90f000 JavaThread "D3D Screen Updater" daemon [_thread_blocked, id=4324, stack(0x0000000013510000,0x0000000013610000)]
  0x000000000d8f4000 JavaThread "AWT-EventQueue-0" [_thread_blocked, id=5308, stack(0x00000000125f0000,0x00000000126f0000)]
  0x000000000c0ee800 JavaThread "AWT-Windows" daemon [_thread_in_native, id=5496, stack(0x000000000ede0000,0x000000000eee0000)]
  0x000000000c0ed800 JavaThread "AWT-Shutdown" [_thread_blocked, id=528, stack(0x000000000ebd0000,0x000000000ecd0000)]
  0x000000000bfa4000 JavaThread "Java2D Disposer" daemon [_thread_blocked, id=1216, stack(0x000000000eab0000,0x000000000ebb0000)]
  0x000000000bd9d000 JavaThread "Service Thread" daemon [_thread_blocked, id=7156, stack(0x000000000d5f0000,0x000000000d6f0000)]
  0x000000000af1a000 JavaThread "C2 CompilerThread1" daemon [_thread_blocked, id=6328, stack(0x000000000d350000,0x000000000d450000)]
=>0x000000000af13000 JavaThread "C2 CompilerThread0" daemon [_thread_in_native, id=6232, stack(0x000000000d120000,0x000000000d220000)]
  0x000000000af12000 JavaThread "Attach Listener" daemon [_thread_blocked, id=1396, stack(0x000000000d230000,0x000000000d330000)]
  0x000000000af11000 JavaThread "Signal Dispatcher" daemon [_thread_blocked, id=5564, stack(0x000000000d020000,0x000000000d120000)]
  0x0000000001dfe800 JavaThread "Finalizer" daemon [_thread_blocked, id=5940, stack(0x000000000ccb0000,0x000000000cdb0000)]
  0x000000000af00000 JavaThread "Reference Handler" daemon [_thread_blocked, id=6348, stack(0x000000000cf10000,0x000000000d010000)]

Other Threads:
  0x000000000aefd800 VMThread [stack: 0x000000000cdf0000,0x000000000cef0000] [id=1804]
  0x000000000bda6000 WatcherThread [stack: 0x000000000d750000,0x000000000d850000] [id=6152]

VM state:not at safepoint (normal execution)

VM Mutex/Monitor currently owned by a thread: None

Heap
 PSYoungGen      total 38912K, used 9615K [0x00000007d5500000, 0x00000007d8000000, 0x0000000800000000)
  eden space 33792K, 13% used [0x00000007d5500000,0x00000007d59685e8,0x00000007d7600000)
  from space 5120K, 99% used [0x00000007d7600000,0x00000007d7afb6e8,0x00000007d7b00000)
  to   space 5120K, 0% used [0x00000007d7b00000,0x00000007d7b00000,0x00000007d8000000)
 ParOldGen       total 87040K, used 4475K [0x0000000780000000, 0x0000000785500000, 0x00000007d5500000)
  object space 87040K, 5% used [0x0000000780000000,0x000000078045eff0,0x0000000785500000)
 PSPermGen       total 21504K, used 12937K [0x000000077ae00000, 0x000000077c300000, 0x0000000780000000)
  object space 21504K, 60% used [0x000000077ae00000,0x000000077baa25f8,0x000000077c300000)

Card table byte_map: [0x00000000051b0000,0x00000000055e0000] byte_map_base: 0x00000000015d9000

Polling page: 0x0000000000320000

Code Cache  [0x00000000021b0000, 0x0000000002420000, 0x00000000051b0000)
 total_blobs=610 nmethods=134 adapters=429 free_code_cache=48340Kb largest_free_block=49467904

Compilation events (10 events):
Event: 3.253 Thread 0x000000000af1a000  131             java.math.BigInteger::primitiveLeftShift (79 bytes)
Event: 3.257 Thread 0x000000000af1a000 nmethod 131 0x0000000002270d50 code [0x0000000002270e80, 0x00000000022710f8]
Event: 3.257 Thread 0x000000000af1a000  132             sun.security.provider.SHA2::lf_S (11 bytes)
Event: 3.257 Thread 0x000000000af1a000 nmethod 132 0x0000000002242790 code [0x00000000022428c0, 0x00000000022428f8]
Event: 3.257 Thread 0x000000000af1a000  133             java.math.BigInteger::multiplyToLen (219 bytes)
Event: 3.265 Thread 0x000000000af1a000 nmethod 133 0x0000000002270150 code [0x00000000022702a0, 0x0000000002270738]
Event: 3.268 Thread 0x000000000af13000 nmethod 130 0x0000000002279a50 code [0x0000000002279ba0, 0x000000000227a4d8]
Event: 3.707 Thread 0x000000000af1a000  134 %s!         vscapeClient.Decompressor::decompress @ 420 (466 bytes)
Event: 3.719 Thread 0x000000000af13000  135             vscapeClient.Class13::method227 (2075 bytes)
Event: 3.720 Thread 0x000000000af1a000 nmethod 134% 0x0000000002278550 code [0x00000000022786e0, 0x00000000022795c8]

GC Heap History (2 events):
Event: 3.155 GC heap before
{Heap before GC invocations=1 (full 0):
 PSYoungGen      total 38912K, used 33792K [0x00000007d5500000, 0x00000007d8000000, 0x0000000800000000)
  eden space 33792K, 100% used [0x00000007d5500000,0x00000007d7600000,0x00000007d7600000)
  from space 5120K, 0% used [0x00000007d7b00000,0x00000007d7b00000,0x00000007d8000000)
  to   space 5120K, 0% used [0x00000007d7600000,0x00000007d7600000,0x00000007d7b00000)
 ParOldGen       total 87040K, used 0K [0x0000000780000000, 0x0000000785500000, 0x00000007d5500000)
  object space 87040K, 0% used [0x0000000780000000,0x0000000780000000,0x0000000785500000)
 PSPermGen       total 21504K, used 12297K [0x000000077ae00000, 0x000000077c300000, 0x0000000780000000)
  object space 21504K, 57% used [0x000000077ae00000,0x000000077ba027b0,0x000000077c300000)
Event: 3.185 GC heap after
Heap after GC invocations=1 (full 0):
 PSYoungGen      total 38912K, used 5101K [0x00000007d5500000, 0x00000007d8000000, 0x0000000800000000)
  eden space 33792K, 0% used [0x00000007d5500000,0x00000007d5500000,0x00000007d7600000)
  from space 5120K, 99% used [0x00000007d7600000,0x00000007d7afb6e8,0x00000007d7b00000)
  to   space 5120K, 0% used [0x00000007d7b00000,0x00000007d7b00000,0x00000007d8000000)
 ParOldGen       total 87040K, used 4475K [0x0000000780000000, 0x0000000785500000, 0x00000007d5500000)
  object space 87040K, 5% used [0x0000000780000000,0x000000078045eff0,0x0000000785500000)
 PSPermGen       total 21504K, used 12297K [0x000000077ae00000, 0x000000077c300000, 0x0000000780000000)
  object space 21504K, 57% used [0x000000077ae00000,0x000000077ba027b0,0x000000077c300000)
}

Deoptimization events (10 events):
Event: 2.023 Thread 0x000000000d925800 Uncommon trap: reason=class_check action=maybe_recompile pc=0x0000000002231b10 method=java.lang.String.equals(Ljava/lang/Object;)Z @ 8
Event: 2.023 Thread 0x000000000d925800 Uncommon trap: reason=class_check action=maybe_recompile pc=0x0000000002231b10 method=java.lang.String.equals(Ljava/lang/Object;)Z @ 8
Event: 2.023 Thread 0x000000000d925800 Uncommon trap: reason=class_check action=maybe_recompile pc=0x0000000002231b10 method=java.lang.String.equals(Ljava/lang/Object;)Z @ 8
Event: 2.158 Thread 0x000000000d925800 Uncommon trap: reason=unloaded action=reinterpret pc=0x0000000002238524 method=java.lang.CharacterData.of(I)Ljava/lang/CharacterData; @ 96
Event: 2.255 Thread 0x000000000d925800 Uncommon trap: reason=unreached action=reinterpret pc=0x0000000002243354 method=java.util.HashMap.put(Ljava/lang/Object;Ljava/lang/Object;)Ljava/lang/Object; @ 77
Event: 3.141 Thread 0x000000000d925800 Uncommon trap: reason=class_check action=maybe_recompile pc=0x0000000002268bbc method=sun.security.provider.DigestBase.engineUpdate([BII)V @ 128
Event: 3.249 Thread 0x000000000d925800 Uncommon trap: reason=class_check action=maybe_recompile pc=0x0000000002268bbc method=sun.security.provider.DigestBase.engineUpdate([BII)V @ 128
Event: 3.255 Thread 0x000000000d925800 Uncommon trap: reason=class_check action=maybe_recompile pc=0x0000000002268bbc method=sun.security.provider.DigestBase.engineUpdate([BII)V @ 128
Event: 3.255 Thread 0x000000000d925800 Uncommon trap: reason=class_check action=maybe_recompile pc=0x0000000002268bbc method=sun.security.provider.DigestBase.engineUpdate([BII)V @ 128
Event: 3.270 Thread 0x000000000d925800 Uncommon trap: reason=unreached action=reinterpret pc=0x0000000002260be8 method=java.util.Arrays.equals([B[B)Z @ 12

Internal exceptions (10 events):
Event: 1.234 Thread 0x0000000001e1d800 Threw 0x00000007d5b94470 at C:\re\jdk7u55\869\hotspot\src\share\vm\prims\jvm.cpp:1244
Event: 1.234 Thread 0x0000000001e1d800 Threw 0x00000007d5b94598 at C:\re\jdk7u55\869\hotspot\src\share\vm\prims\jvm.cpp:1244
Event: 1.235 Thread 0x0000000001e1d800 Threw 0x00000007d5b97ad0 at C:\re\jdk7u55\869\hotspot\src\share\vm\prims\jvm.cpp:1244
Event: 1.235 Thread 0x0000000001e1d800 Threw 0x00000007d5b97bf8 at C:\re\jdk7u55\869\hotspot\src\share\vm\prims\jvm.cpp:1244
Event: 1.949 Thread 0x0000000001e1d800 Threw 0x00000007d5b9ff70 at C:\re\jdk7u55\869\hotspot\src\share\vm\prims\jvm.cpp:1244
Event: 2.258 Thread 0x000000000d925800 Threw 0x00000007d6c3e7a0 at C:\re\jdk7u55\869\hotspot\src\share\vm\prims\jvm.cpp:1244
Event: 3.270 Thread 0x000000000d925800 Implicit null exception at 0x0000000002260a98 to 0x0000000002260bd5
Event: 3.710 Thread 0x000000000d925800 Threw 0x00000007d5850a58 at C:\re\jdk7u55\869\hotspot\src\share\vm\prims\jvm.cpp:1244
Event: 3.711 Thread 0x000000000d925800 Threw 0x00000007d585a2d0 at C:\re\jdk7u55\869\hotspot\src\share\vm\prims\jvm.cpp:1244
Event: 3.713 Thread 0x000000000d925800 Threw 0x00000007d5860488 at C:\re\jdk7u55\869\hotspot\src\share\vm\prims\jvm.cpp:1244

Events (10 events):
Event: 3.705 loading class 0x000000000bdb2de0
Event: 3.705 loading class 0x000000000bdb2de0 done
Event: 3.705 loading class 0x000000000bdb2e40
Event: 3.705 loading class 0x000000000bdb2e40 done
Event: 3.710 loading class 0x000000000bde1430
Event: 3.710 loading class 0x000000000bde1430 done
Event: 3.711 loading class 0x000000000bf9a490
Event: 3.711 loading class 0x000000000bf9a490 done
Event: 3.713 loading class 0x000000000d93dda0
Event: 3.713 loading class 0x000000000d93dda0 done


Dynamic libraries:
0x000000013fba0000 - 0x000000013fbd3000 	C:\Program Files\Java\jre7\bin\javaw.exe
0x0000000077790000 - 0x0000000077939000 	C:\Windows\SYSTEM32\ntdll.dll
0x0000000077670000 - 0x000000007778f000 	C:\Windows\system32\kernel32.dll
0x000007fefd900000 - 0x000007fefd96c000 	C:\Windows\system32\KERNELBASE.dll
0x000007fefe8d0000 - 0x000007fefe9ab000 	C:\Windows\system32\ADVAPI32.dll
0x000007fefde50000 - 0x000007fefdeef000 	C:\Windows\system32\msvcrt.dll
0x000007fefea40000 - 0x000007fefea5f000 	C:\Windows\SYSTEM32\sechost.dll
0x000007fefe6e0000 - 0x000007fefe80d000 	C:\Windows\system32\RPCRT4.dll
0x0000000077570000 - 0x000000007766a000 	C:\Windows\system32\USER32.dll
0x000007fefe000000 - 0x000007fefe067000 	C:\Windows\system32\GDI32.dll
0x000007fefe9b0000 - 0x000007fefe9be000 	C:\Windows\system32\LPK.dll
0x000007fefdc20000 - 0x000007fefdce9000 	C:\Windows\system32\USP10.dll
0x000007fefac10000 - 0x000007fefae04000 	C:\Windows\WinSxS\amd64_microsoft.windows.common-controls_6595b64144ccf1df_6.0.7601.17514_none_fa396087175ac9ac\COMCTL32.dll
0x000007fefe9c0000 - 0x000007fefea31000 	C:\Windows\system32\SHLWAPI.dll
0x000007fefdb90000 - 0x000007fefdbbe000 	C:\Windows\system32\IMM32.DLL
0x000007fefdef0000 - 0x000007fefdff9000 	C:\Windows\system32\MSCTF.dll
0x000000006c060000 - 0x000000006c132000 	C:\Program Files\Java\jre7\bin\msvcr100.dll
0x000000006adc0000 - 0x000000006b589000 	C:\Program Files\Java\jre7\bin\server\jvm.dll
0x000007fef5660000 - 0x000007fef5669000 	C:\Windows\system32\WSOCK32.dll
0x000007fefdbc0000 - 0x000007fefdc0d000 	C:\Windows\system32\WS2_32.dll
0x000007fefdc10000 - 0x000007fefdc18000 	C:\Windows\system32\NSI.dll
0x000007fefbc20000 - 0x000007fefbc5b000 	C:\Windows\system32\WINMM.dll
0x0000000077950000 - 0x0000000077957000 	C:\Windows\system32\PSAPI.DLL
0x00000000713c0000 - 0x00000000713cf000 	C:\Program Files\Java\jre7\bin\verify.dll
0x000000006d870000 - 0x000000006d898000 	C:\Program Files\Java\jre7\bin\java.dll
0x000000006e950000 - 0x000000006e965000 	C:\Program Files\Java\jre7\bin\zip.dll
0x000000006ac20000 - 0x000000006adb5000 	C:\Program Files\Java\jre7\bin\awt.dll
0x000007fefe070000 - 0x000007fefe147000 	C:\Windows\system32\OLEAUT32.dll
0x000007fefd980000 - 0x000007fefdb83000 	C:\Windows\system32\ole32.dll
0x000000006dbd0000 - 0x000000006dbe9000 	C:\Program Files\Java\jre7\bin\net.dll
0x000007fefc750000 - 0x000007fefc766000 	C:\Windows\system32\PrxerDrv.dll
0x000007fefcda0000 - 0x000007fefcdf5000 	C:\Windows\system32\mswsock.dll
0x000007fefcd90000 - 0x000007fefcd97000 	C:\Windows\System32\wship6.dll
0x000007fefa4f0000 - 0x000007fefa505000 	C:\Windows\system32\NLAapi.dll
0x000007fef6620000 - 0x000007fef6635000 	C:\Windows\system32\napinsp.dll
0x000007fef63d0000 - 0x000007fef63e9000 	C:\Windows\system32\pnrpnsp.dll
0x000007fef6140000 - 0x000007fef6150000 	C:\Windows\system32\wshbth.dll
0x000007fef6ba0000 - 0x000007fef6bb2000 	C:\Windows\system32\PrxerNsp.dll
0x000007fefcc20000 - 0x000007fefcc7b000 	C:\Windows\system32\DNSAPI.dll
0x0000000070fc0000 - 0x0000000070fee000 	C:\Program Files\Common Files\Microsoft Shared\Windows Live\WLIDNSP.DLL
0x000007fef6120000 - 0x000007fef612b000 	C:\Windows\System32\winrnr.dll
0x000007fefc730000 - 0x000007fefc737000 	C:\Windows\System32\wshtcpip.dll
0x000007fef9fd0000 - 0x000007fef9ff7000 	C:\Windows\system32\IPHLPAPI.DLL
0x000007fef9fc0000 - 0x000007fef9fcb000 	C:\Windows\system32\WINNSI.DLL
0x000007fef6b90000 - 0x000007fef6b98000 	C:\Windows\system32\rasadhlp.dll
0x000007fef9e20000 - 0x000007fef9e73000 	C:\Windows\System32\fwpuclnt.dll
0x000007fef9d90000 - 0x000007fef9da8000 	C:\Windows\system32\dhcpcsvc.DLL
0x000007fef9d70000 - 0x000007fef9d81000 	C:\Windows\system32\dhcpcsvc6.DLL
0x000007fefbc60000 - 0x000007fefbcb6000 	C:\Windows\system32\uxtheme.dll
0x000007fefa3a0000 - 0x000007fefa3b8000 	C:\Windows\system32\dwmapi.dll
0x000007fefd460000 - 0x000007fefd46f000 	C:\Windows\system32\CRYPTBASE.dll
0x000007fefed10000 - 0x000007feffa98000 	C:\Windows\system32\SHELL32.dll
0x000007fef7db0000 - 0x000007fef7faf000 	C:\Windows\system32\d3d9.dll
0x000007fefc740000 - 0x000007fefc74c000 	C:\Windows\system32\VERSION.dll
0x000007fef7da0000 - 0x000007fef7da7000 	C:\Windows\system32\d3d8thk.dll
0x000007fee6990000 - 0x000007fee7a46000 	C:\Windows\system32\nvd3dumx.dll
0x0000000180000000 - 0x0000000180142000 	C:\Windows\system32\nvspcap64.dll
0x000007fefd600000 - 0x000007fefd76c000 	C:\Windows\system32\CRYPT32.dll
0x000007fefd5c0000 - 0x000007fefd5cf000 	C:\Windows\system32\MSASN1.dll
0x000007fef8ae0000 - 0x000007fef8e13000 	C:\Windows\system32\nvapi64.dll
0x000007fefe270000 - 0x000007fefe447000 	C:\Windows\system32\SETUPAPI.dll
0x000007fefd7b0000 - 0x000007fefd7e6000 	C:\Windows\system32\CFGMGR32.dll
0x000007fefd7f0000 - 0x000007fefd80a000 	C:\Windows\system32\DEVOBJ.dll
0x000007fefc070000 - 0x000007fefc09c000 	C:\Windows\system32\powrprof.dll
0x000007fef3730000 - 0x000007fef389a000 	C:\Program Files (x86)\NVIDIA Corporation\3D Vision\nvSCPAPI64.dll
0x000007fefd8c0000 - 0x000007fefd8fa000 	C:\Windows\system32\WINTRUST.dll
0x000000006d820000 - 0x000000006d867000 	C:\Program Files\Java\jre7\bin\fontmanager.dll
0x000000006cc80000 - 0x000000006cc91000 	C:\Program Files\Java\jre7\bin\nio.dll
0x000000006cc30000 - 0x000000006cc71000 	C:\Program Files\Java\jre7\bin\t2k.dll
0x000000006c030000 - 0x000000006c054000 	C:\Program Files\Java\jre7\bin\sunec.dll
0x0000000072d90000 - 0x0000000072d9b000 	C:\Program Files\Java\jre7\bin\sunmscapi.dll
0x000007fefce00000 - 0x000007fefce17000 	C:\Windows\system32\CRYPTSP.dll
0x000007fefcb00000 - 0x000007fefcb47000 	C:\Windows\system32\rsaenh.dll
0x000007fefd790000 - 0x000007fefd7ae000 	C:\Windows\system32\USERENV.dll
0x000007fefd5d0000 - 0x000007fefd5df000 	C:\Windows\system32\profapi.dll

VM Arguments:
jvm_args: -Dfile.encoding=Cp1252 
java_command: vscapeClient.client
Launcher Type: SUN_STANDARD

Environment Variables:
PATH=C:\Program Files\Common Files\Microsoft Shared\Windows Live;C:\Program Files (x86)\NVIDIA Corporation\PhysX\Common;C:\Windows\system32;C:\Windows;C:\Windows\System32\Wbem;C:\Windows\System32\WindowsPowerShell\v1.0\;C:\Program Files (x86)\ATI Technologies\ATI.ACE\Core-Static;C:\Program Files (x86)\Calibre2\;C:\Program Files (x86)\Livestreamer;C:\Program Files\Common Files\Microsoft Shared\Windows Live
USERNAME=Travis
OS=Windows_NT
PROCESSOR_IDENTIFIER=AMD64 Family 21 Model 2 Stepping 0, AuthenticAMD



---------------  S Y S T E M  ---------------

OS: Windows 7 , 64 bit Build 7601 Service Pack 1

CPU:total 8 (8 cores per cpu, 1 threads per core) family 21 model 2 stepping 0, cmov, cx8, fxsr, mmx, sse, sse2, sse3, ssse3, sse4.1, sse4.2, popcnt, avx, aes, mmxext, 3dnowpref, lzcnt, sse4a, tsc, tscinvbit, tscinv

Memory: 4k page, physical 8385756k(3415592k free), swap 8383892k(5100k free)

vm_info: Java HotSpot(TM) 64-Bit Server VM (24.55-b03) for windows-amd64 JRE (1.7.0_55-b13), built on Mar 17 2014 19:45:30 by "java_re" with unknown MS VC++:1600

time: Mon Aug 04 12:40:41 2014
elapsed time: 3 seconds

