#
# There is insufficient memory for the Java Runtime Environment to continue.
# Native memory allocation (malloc) failed to allocate 32744 bytes for ChunkPool::allocate
# Possible reasons:
#   The system is out of physical RAM or swap space
#   In 32 bit mode, the process size limit was hit
# Possible solutions:
#   Reduce memory load on the system
#   Increase physical memory or swap space
#   Check if swap backing store is full
#   Use 64 bit Java on a 64 bit OS
#   Decrease Java heap size (-Xmx/-Xms)
#   Decrease number of Java threads
#   Decrease Java thread stack sizes (-Xss)
#   Set larger code cache with -XX:ReservedCodeCacheSize=
# This output file may be truncated or incomplete.
#
#  Out of Memory Error (allocation.cpp:211), pid=6496, tid=9180
#
# JRE version: Java(TM) SE Runtime Environment (7.0_55-b13) (build 1.7.0_55-b13)
# Java VM: Java HotSpot(TM) 64-Bit Server VM (24.55-b03 mixed mode windows-amd64 compressed oops)
# Failed to write core dump. Minidumps are not enabled by default on client versions of Windows
#

---------------  T H R E A D  ---------------

Current thread (0x000000000b0a9800):  JavaThread "C2 CompilerThread1" daemon [_thread_in_native, id=9180, stack(0x000000000d8f0000,0x000000000d9f0000)]

Stack: [0x000000000d8f0000,0x000000000d9f0000]

Current CompileTask:
C2:  34856  323 % !         vscapeClient.RSApplet::run @ 293 (704 bytes)


---------------  P R O C E S S  ---------------

Java Threads: ( => current thread )
  0x000000000e23f800 JavaThread "Thread-9" [_thread_blocked, id=7324, stack(0x0000000015160000,0x0000000015260000)]
  0x000000000e23f000 JavaThread "Java Sound Sequencer" [_thread_blocked, id=4420, stack(0x00000000103c0000,0x00000000104c0000)]
  0x00000000133bb000 JavaThread "Thread-7" [_thread_blocked, id=8732, stack(0x0000000010290000,0x0000000010390000)]
  0x000000000dea8000 JavaThread "Thread-6" [_thread_blocked, id=7980, stack(0x000000000ff90000,0x0000000010090000)]
  0x00000000021cd800 JavaThread "DestroyJavaVM" [_thread_blocked, id=9764, stack(0x0000000002380000,0x0000000002480000)]
  0x000000000dd93000 JavaThread "Thread-5" [_thread_blocked, id=7348, stack(0x000000000f950000,0x000000000fa50000)]
  0x000000000c252000 JavaThread "Thread-4" daemon [_thread_blocked, id=8816, stack(0x000000000efb0000,0x000000000f0b0000)]
  0x000000000dd8f000 JavaThread "D3D Screen Updater" daemon [_thread_blocked, id=3984, stack(0x0000000012a20000,0x0000000012b20000)]
  0x000000000dd7c800 JavaThread "AWT-EventQueue-0" [_thread_blocked, id=8676, stack(0x0000000011c20000,0x0000000011d20000)]
  0x000000000dd13800 JavaThread "AWT-Windows" daemon [_thread_in_native, id=9164, stack(0x000000000f5a0000,0x000000000f6a0000)]
  0x000000000dd13000 JavaThread "AWT-Shutdown" [_thread_blocked, id=8312, stack(0x000000000f420000,0x000000000f520000)]
  0x000000000dd12800 JavaThread "Java2D Disposer" daemon [_thread_blocked, id=7844, stack(0x000000000f240000,0x000000000f340000)]
  0x000000000b0af800 JavaThread "Service Thread" daemon [_thread_blocked, id=2768, stack(0x000000000d5a0000,0x000000000d6a0000)]
=>0x000000000b0a9800 JavaThread "C2 CompilerThread1" daemon [_thread_in_native, id=9180, stack(0x000000000d8f0000,0x000000000d9f0000)]
  0x000000000b0a1800 JavaThread "C2 CompilerThread0" daemon [_thread_blocked, id=3912, stack(0x000000000d720000,0x000000000d820000)]
  0x000000000b09f800 JavaThread "Attach Listener" daemon [_thread_blocked, id=7424, stack(0x000000000cf80000,0x000000000d080000)]
  0x000000000b09e800 JavaThread "Signal Dispatcher" daemon [_thread_blocked, id=6564, stack(0x000000000d490000,0x000000000d590000)]
  0x000000000215a000 JavaThread "Finalizer" daemon [_thread_blocked, id=8104, stack(0x000000000d370000,0x000000000d470000)]
  0x000000000b090800 JavaThread "Reference Handler" daemon [_thread_blocked, id=7440, stack(0x000000000d1d0000,0x000000000d2d0000)]

Other Threads:
  0x000000000b08d800 VMThread [stack: 0x000000000d090000,0x000000000d190000] [id=2628]
  0x000000000c05f000 WatcherThread [stack: 0x000000000dbd0000,0x000000000dcd0000] [id=704]

VM state:not at safepoint (normal execution)

VM Mutex/Monitor currently owned by a thread: None

Heap
 PSYoungGen      total 38912K, used 16375K [0x00000007d5500000, 0x00000007da100000, 0x0000000800000000)
  eden space 33792K, 33% used [0x00000007d5500000,0x00000007d6004dd0,0x00000007d7600000)
  from space 5120K, 99% used [0x00000007d7b00000,0x00000007d7ff91b8,0x00000007d8000000)
  to   space 5120K, 0% used [0x00000007d7600000,0x00000007d7600000,0x00000007d7b00000)
 ParOldGen       total 87040K, used 48733K [0x0000000780000000, 0x0000000785500000, 0x00000007d5500000)
  object space 87040K, 55% used [0x0000000780000000,0x0000000782f976c0,0x0000000785500000)
 PSPermGen       total 26112K, used 13735K [0x000000077ae00000, 0x000000077c780000, 0x0000000780000000)
  object space 26112K, 52% used [0x000000077ae00000,0x000000077bb69e90,0x000000077c780000)

Card table byte_map: [0x0000000005480000,0x00000000058b0000] byte_map_base: 0x00000000018a9000

Polling page: 0x0000000000220000

Code Cache  [0x0000000002480000, 0x00000000026f0000, 0x0000000005480000)
 total_blobs=807 nmethods=310 adapters=450 free_code_cache=47661Kb largest_free_block=48767936

Compilation events (10 events):
Event: 29.125 Thread 0x000000000b0a1800 nmethod 317 0x00000000025e2810 code [0x00000000025e2940, 0x00000000025e2998]
Event: 29.203 Thread 0x000000000b0a9800  318             sun.java2d.pipe.RenderBuffer::putDouble (26 bytes)
Event: 29.204 Thread 0x000000000b0a9800 nmethod 318 0x00000000025e2510 code [0x00000000025e2640, 0x00000000025e26d8]
Event: 29.265 Thread 0x000000000b0a1800  320             sun.java2d.pipe.RenderBuffer::position (11 bytes)
Event: 29.265 Thread 0x000000000b0a9800  321             sun.java2d.StateTrackableDelegate$1::isCurrent (17 bytes)
Event: 29.265 Thread 0x000000000b0a1800 nmethod 320 0x00000000025f9690 code [0x00000000025f97c0, 0x00000000025f9838]
Event: 29.265 Thread 0x000000000b0a9800 nmethod 321 0x00000000025f9450 code [0x00000000025f9580, 0x00000000025f9618]
Event: 31.406 Thread 0x000000000b0a1800  322             java.lang.AbstractStringBuilder::<init> (12 bytes)
Event: 31.406 Thread 0x000000000b0a1800 nmethod 322 0x00000000025f9110 code [0x00000000025f9260, 0x00000000025f9358]
Event: 34.845 Thread 0x000000000b0a9800  323 % !         vscapeClient.RSApplet::run @ 293 (704 bytes)

GC Heap History (10 events):
Event: 3.561 GC heap before
{Heap before GC invocations=1 (full 0):
 PSYoungGen      total 38912K, used 33792K [0x00000007d5500000, 0x00000007d8000000, 0x0000000800000000)
  eden space 33792K, 100% used [0x00000007d5500000,0x00000007d7600000,0x00000007d7600000)
  from space 5120K, 0% used [0x00000007d7b00000,0x00000007d7b00000,0x00000007d8000000)
  to   space 5120K, 0% used [0x00000007d7600000,0x00000007d7600000,0x00000007d7b00000)
 ParOldGen       total 87040K, used 0K [0x0000000780000000, 0x0000000785500000, 0x00000007d5500000)
  object space 87040K, 0% used [0x0000000780000000,0x0000000780000000,0x0000000785500000)
 PSPermGen       total 21504K, used 12345K [0x000000077ae00000, 0x000000077c300000, 0x0000000780000000)
  object space 21504K, 57% used [0x000000077ae00000,0x000000077ba0e7c0,0x000000077c300000)
Event: 3.571 GC heap after
Heap after GC invocations=1 (full 0):
 PSYoungGen      total 38912K, used 5105K [0x00000007d5500000, 0x00000007d8000000, 0x0000000800000000)
  eden space 33792K, 0% used [0x00000007d5500000,0x00000007d5500000,0x00000007d7600000)
  from space 5120K, 99% used [0x00000007d7600000,0x00000007d7afc538,0x00000007d7b00000)
  to   space 5120K, 0% used [0x00000007d7b00000,0x00000007d7b00000,0x00000007d8000000)
 ParOldGen       total 87040K, used 4915K [0x0000000780000000, 0x0000000785500000, 0x00000007d5500000)
  object space 87040K, 5% used [0x0000000780000000,0x00000007804ccf08,0x0000000785500000)
 PSPermGen       total 21504K, used 12345K [0x000000077ae00000, 0x000000077c300000, 0x0000000780000000)
  object space 21504K, 57% used [0x000000077ae00000,0x000000077ba0e7c0,0x000000077c300000)
}
Event: 4.223 GC heap before
{Heap before GC invocations=2 (full 0):
 PSYoungGen      total 38912K, used 11833K [0x00000007d5500000, 0x00000007d8000000, 0x0000000800000000)
  eden space 33792K, 19% used [0x00000007d5500000,0x00000007d5b92190,0x00000007d7600000)
  from space 5120K, 99% used [0x00000007d7600000,0x00000007d7afc538,0x00000007d7b00000)
  to   space 5120K, 0% used [0x00000007d7b00000,0x00000007d7b00000,0x00000007d8000000)
 ParOldGen       total 87040K, used 4915K [0x0000000780000000, 0x0000000785500000, 0x00000007d5500000)
  object space 87040K, 5% used [0x0000000780000000,0x00000007804ccf08,0x0000000785500000)
 PSPermGen       total 21504K, used 13051K [0x000000077ae00000, 0x000000077c300000, 0x0000000780000000)
  object space 21504K, 60% used [0x000000077ae00000,0x000000077babeda8,0x000000077c300000)
Event: 4.241 GC heap after
Heap after GC invocations=2 (full 0):
 PSYoungGen      total 38912K, used 5113K [0x00000007d5500000, 0x00000007d8000000, 0x0000000800000000)
  eden space 33792K, 0% used [0x00000007d5500000,0x00000007d5500000,0x00000007d7600000)
  from space 5120K, 99% used [0x00000007d7b00000,0x00000007d7ffe670,0x00000007d8000000)
  to   space 5120K, 0% used [0x00000007d7600000,0x00000007d7600000,0x00000007d7b00000)
 ParOldGen       total 87040K, used 5951K [0x0000000780000000, 0x0000000785500000, 0x00000007d5500000)
  object space 87040K, 6% used [0x0000000780000000,0x00000007805cfd08,0x0000000785500000)
 PSPermGen       total 21504K, used 13051K [0x000000077ae00000, 0x000000077c300000, 0x0000000780000000)
  object space 21504K, 60% used [0x000000077ae00000,0x000000077babeda8,0x000000077c300000)
}
Event: 4.241 GC heap before
{Heap before GC invocations=3 (full 1):
 PSYoungGen      total 38912K, used 5113K [0x00000007d5500000, 0x00000007d8000000, 0x0000000800000000)
  eden space 33792K, 0% used [0x00000007d5500000,0x00000007d5500000,0x00000007d7600000)
  from space 5120K, 99% used [0x00000007d7b00000,0x00000007d7ffe670,0x00000007d8000000)
  to   space 5120K, 0% used [0x00000007d7600000,0x00000007d7600000,0x00000007d7b00000)
 ParOldGen       total 87040K, used 5951K [0x0000000780000000, 0x0000000785500000, 0x00000007d5500000)
  object space 87040K, 6% used [0x0000000780000000,0x00000007805cfd08,0x0000000785500000)
 PSPermGen       total 21504K, used 13051K [0x000000077ae00000, 0x000000077c300000, 0x0000000780000000)
  object space 21504K, 60% used [0x000000077ae00000,0x000000077babeda8,0x000000077c300000)
Event: 4.319 GC heap after
Heap after GC invocations=3 (full 1):
 PSYoungGen      total 38912K, used 0K [0x00000007d5500000, 0x00000007d8000000, 0x0000000800000000)
  eden space 33792K, 0% used [0x00000007d5500000,0x00000007d5500000,0x00000007d7600000)
  from space 5120K, 0% used [0x00000007d7b00000,0x00000007d7b00000,0x00000007d8000000)
  to   space 5120K, 0% used [0x00000007d7600000,0x00000007d7600000,0x00000007d7b00000)
 ParOldGen       total 87040K, used 9724K [0x0000000780000000, 0x0000000785500000, 0x00000007d5500000)
  object space 87040K, 11% used [0x0000000780000000,0x000000078097f0e0,0x0000000785500000)
 PSPermGen       total 26112K, used 13048K [0x000000077ae00000, 0x000000077c780000, 0x0000000780000000)
  object space 26112K, 49% used [0x000000077ae00000,0x000000077babe068,0x000000077c780000)
}
Event: 5.368 GC heap before
{Heap before GC invocations=4 (full 1):
 PSYoungGen      total 38912K, used 33792K [0x00000007d5500000, 0x00000007d8000000, 0x0000000800000000)
  eden space 33792K, 100% used [0x00000007d5500000,0x00000007d7600000,0x00000007d7600000)
  from space 5120K, 0% used [0x00000007d7b00000,0x00000007d7b00000,0x00000007d8000000)
  to   space 5120K, 0% used [0x00000007d7600000,0x00000007d7600000,0x00000007d7b00000)
 ParOldGen       total 87040K, used 9724K [0x0000000780000000, 0x0000000785500000, 0x00000007d5500000)
  object space 87040K, 11% used [0x0000000780000000,0x000000078097f0e0,0x0000000785500000)
 PSPermGen       total 26112K, used 13509K [0x000000077ae00000, 0x000000077c780000, 0x0000000780000000)
  object space 26112K, 51% used [0x000000077ae00000,0x000000077bb31510,0x000000077c780000)
Event: 5.379 GC heap after
Heap after GC invocations=4 (full 1):
 PSYoungGen      total 38912K, used 5088K [0x00000007d5500000, 0x00000007d8000000, 0x0000000800000000)
  eden space 33792K, 0% used [0x00000007d5500000,0x00000007d5500000,0x00000007d7600000)
  from space 5120K, 99% used [0x00000007d7600000,0x00000007d7af8390,0x00000007d7b00000)
  to   space 5120K, 0% used [0x00000007d7b00000,0x00000007d7b00000,0x00000007d8000000)
 ParOldGen       total 87040K, used 29210K [0x0000000780000000, 0x0000000785500000, 0x00000007d5500000)
  object space 87040K, 33% used [0x0000000780000000,0x0000000781c86958,0x0000000785500000)
 PSPermGen       total 26112K, used 13509K [0x000000077ae00000, 0x000000077c780000, 0x0000000780000000)
  object space 26112K, 51% used [0x000000077ae00000,0x000000077bb31510,0x000000077c780000)
}
Event: 6.052 GC heap before
{Heap before GC invocations=5 (full 1):
 PSYoungGen      total 38912K, used 38880K [0x00000007d5500000, 0x00000007d8000000, 0x0000000800000000)
  eden space 33792K, 100% used [0x00000007d5500000,0x00000007d7600000,0x00000007d7600000)
  from space 5120K, 99% used [0x00000007d7600000,0x00000007d7af8390,0x00000007d7b00000)
  to   space 5120K, 0% used [0x00000007d7b00000,0x00000007d7b00000,0x00000007d8000000)
 ParOldGen       total 87040K, used 29210K [0x0000000780000000, 0x0000000785500000, 0x00000007d5500000)
  object space 87040K, 33% used [0x0000000780000000,0x0000000781c86958,0x0000000785500000)
 PSPermGen       total 26112K, used 13629K [0x000000077ae00000, 0x000000077c780000, 0x0000000780000000)
  object space 26112K, 52% used [0x000000077ae00000,0x000000077bb4f770,0x000000077c780000)
Event: 6.073 GC heap after
Heap after GC invocations=5 (full 1):
 PSYoungGen      total 38912K, used 5092K [0x00000007d5500000, 0x00000007da100000, 0x0000000800000000)
  eden space 33792K, 0% used [0x00000007d5500000,0x00000007d5500000,0x00000007d7600000)
  from space 5120K, 99% used [0x00000007d7b00000,0x00000007d7ff91b8,0x00000007d8000000)
  to   space 5120K, 0% used [0x00000007d7600000,0x00000007d7600000,0x00000007d7b00000)
 ParOldGen       total 87040K, used 48733K [0x0000000780000000, 0x0000000785500000, 0x00000007d5500000)
  object space 87040K, 55% used [0x0000000780000000,0x0000000782f976c0,0x0000000785500000)
 PSPermGen       total 26112K, used 13629K [0x000000077ae00000, 0x000000077c780000, 0x0000000780000000)
  object space 26112K, 52% used [0x000000077ae00000,0x000000077bb4f770,0x000000077c780000)
}

Deoptimization events (10 events):
Event: 6.156 Thread 0x000000000dd93000 Uncommon trap: reason=unreached action=reinterpret pc=0x00000000025d9494 method=vscapeClient.WorldController.method310(IIII[I)V @ 254
Event: 6.228 Thread 0x000000000dd93000 Uncommon trap: reason=unreached action=reinterpret pc=0x00000000025e0704 method=vscapeClient.WorldController.method310(IIII[I)V @ 549
Event: 7.933 Thread 0x000000000dd93000 Uncommon trap: reason=predicate action=maybe_recompile pc=0x00000000025d8950 method=java.util.Arrays.fill([Ljava/lang/Object;Ljava/lang/Object;)V @ 10
Event: 8.632 Thread 0x000000000dd7c800 Uncommon trap: reason=unreached action=reinterpret pc=0x00000000025e8ed8 method=java.util.HashMap.get(Ljava/lang/Object;)Ljava/lang/Object; @ 1
Event: 8.995 Thread 0x000000000dea8000 Uncommon trap: reason=unreached action=reinterpret pc=0x0000000002556bbc method=vscapeClient.client.randomizeBackground(LvscapeClient/Background;)V @ 293
Event: 9.144 Thread 0x000000000dea8000 Uncommon trap: reason=array_check action=maybe_recompile pc=0x00000000025e97b4 method=java.util.Arrays.fill([Ljava/lang/Object;Ljava/lang/Object;)V @ 13
Event: 9.144 Thread 0x000000000dd8f000 Uncommon trap: reason=array_check action=maybe_recompile pc=0x00000000025e97b4 method=java.util.Arrays.fill([Ljava/lang/Object;Ljava/lang/Object;)V @ 13
Event: 9.144 Thread 0x000000000dea8000 Uncommon trap: reason=array_check action=maybe_recompile pc=0x00000000025e97b4 method=java.util.Arrays.fill([Ljava/lang/Object;Ljava/lang/Object;)V @ 13
Event: 9.144 Thread 0x000000000dd8f000 Uncommon trap: reason=array_check action=maybe_recompile pc=0x00000000025e97b4 method=java.util.Arrays.fill([Ljava/lang/Object;Ljava/lang/Object;)V @ 13
Event: 13.734 Thread 0x000000000dea8000 Uncommon trap: reason=unreached action=reinterpret pc=0x00000000025798b0 method=vscapeClient.client.randomizeBackground(LvscapeClient/Background;)V @ 293

Internal exceptions (10 events):
Event: 5.552 Thread 0x000000000dd93000 Threw 0x00000007d5b62fa8 at C:\re\jdk7u55\869\hotspot\src\share\vm\prims\jvm.cpp:1244
Event: 5.602 Thread 0x000000000dd93000 Threw 0x00000007d5b7afa0 at C:\re\jdk7u55\869\hotspot\src\share\vm\prims\jvm.cpp:1244
Event: 5.603 Thread 0x000000000dd93000 Threw 0x00000007d5b87b50 at C:\re\jdk7u55\869\hotspot\src\share\vm\prims\jvm.cpp:1244
Event: 5.625 Thread 0x000000000dd93000 Threw 0x00000007d5dc6e68 at C:\re\jdk7u55\869\hotspot\src\share\vm\prims\jvm.cpp:1244
Event: 5.625 Thread 0x000000000dd93000 Threw 0x00000007d5dc8ac0 at C:\re\jdk7u55\869\hotspot\src\share\vm\prims\jvm.cpp:1244
Event: 5.684 Thread 0x000000000dd93000 Threw 0x00000007d6694448 at C:\re\jdk7u55\869\hotspot\src\share\vm\prims\jvm.cpp:1244
Event: 5.708 Thread 0x000000000dd93000 Implicit null exception at 0x00000000025105bf to 0x0000000002510625
Event: 6.318 Thread 0x000000000dd93000 Threw 0x00000007d5a76650 at C:\re\jdk7u55\869\hotspot\src\share\vm\prims\jvm.cpp:1244
Event: 6.340 Thread 0x000000000dd93000 Threw 0x00000007d5a9a300 at C:\re\jdk7u55\869\hotspot\src\share\vm\prims\jvm.cpp:1244
Event: 8.632 Thread 0x000000000dd7c800 Implicit null exception at 0x00000000025e8d35 to 0x00000000025e8ec9

Events (10 events):
Event: 9.144 Thread 0x000000000dea8000 DEOPT PACKING pc=0x00000000025e97b4 sp=0x000000001008e590
Event: 9.144 Thread 0x000000000dea8000 DEOPT UNPACKING pc=0x00000000024b9064 sp=0x000000001008e538 mode 2
Event: 9.144 Thread 0x000000000dd8f000 Uncommon trap: trap_request=0xffffffd6 fr.pc=0x00000000025e97b4
Event: 9.144 Thread 0x000000000dd8f000 DEOPT PACKING pc=0x00000000025e97b4 sp=0x0000000012b1f250
Event: 9.144 Thread 0x000000000dd8f000 DEOPT UNPACKING pc=0x00000000024b9064 sp=0x0000000012b1f1f8 mode 2
Event: 10.196 Thread 0x00000000132e9800 Thread exited: 0x00000000132e9800
Event: 13.734 Thread 0x000000000dea8000 Uncommon trap: trap_request=0xffffffad fr.pc=0x00000000025798b0
Event: 13.734 Thread 0x000000000dea8000 DEOPT PACKING pc=0x00000000025798b0 sp=0x000000001008eee0
Event: 13.734 Thread 0x000000000dea8000 DEOPT UNPACKING pc=0x00000000024b9064 sp=0x000000001008ee88 mode 2
Event: 14.028 Thread 0x000000000dd76800 Thread exited: 0x000000000dd76800


Dynamic libraries:
0x000000013f720000 - 0x000000013f753000 	C:\Program Files\Java\jre7\bin\javaw.exe
0x00000000779e0000 - 0x0000000077b89000 	C:\Windows\SYSTEM32\ntdll.dll
0x00000000778c0000 - 0x00000000779df000 	C:\Windows\system32\kernel32.dll
0x000007fefd890000 - 0x000007fefd8fc000 	C:\Windows\system32\KERNELBASE.dll
0x000007fefe1a0000 - 0x000007fefe27b000 	C:\Windows\system32\ADVAPI32.dll
0x000007fefe390000 - 0x000007fefe42f000 	C:\Windows\system32\msvcrt.dll
0x000007fefddb0000 - 0x000007fefddcf000 	C:\Windows\SYSTEM32\sechost.dll
0x000007feff7e0000 - 0x000007feff90d000 	C:\Windows\system32\RPCRT4.dll
0x00000000777c0000 - 0x00000000778ba000 	C:\Windows\system32\USER32.dll
0x000007feffaf0000 - 0x000007feffb57000 	C:\Windows\system32\GDI32.dll
0x000007feffce0000 - 0x000007feffcee000 	C:\Windows\system32\LPK.dll
0x000007fefddd0000 - 0x000007fefde99000 	C:\Windows\system32\USP10.dll
0x000007fefc160000 - 0x000007fefc354000 	C:\Windows\WinSxS\amd64_microsoft.windows.common-controls_6595b64144ccf1df_6.0.7601.17514_none_fa396087175ac9ac\COMCTL32.dll
0x000007feff910000 - 0x000007feff981000 	C:\Windows\system32\SHLWAPI.dll
0x000007fefe530000 - 0x000007fefe55e000 	C:\Windows\system32\IMM32.DLL
0x000007fefe280000 - 0x000007fefe389000 	C:\Windows\system32\MSCTF.dll
0x0000000065b70000 - 0x0000000065c42000 	C:\Program Files\Java\jre7\bin\msvcr100.dll
0x00000000640c0000 - 0x0000000064889000 	C:\Program Files\Java\jre7\bin\server\jvm.dll
0x000007fef4bd0000 - 0x000007fef4bd9000 	C:\Windows\system32\WSOCK32.dll
0x000007fefdea0000 - 0x000007fefdeed000 	C:\Windows\system32\WS2_32.dll
0x000007fefea40000 - 0x000007fefea48000 	C:\Windows\system32\NSI.dll
0x000007fefb080000 - 0x000007fefb0bb000 	C:\Windows\system32\WINMM.dll
0x0000000077ba0000 - 0x0000000077ba7000 	C:\Windows\system32\PSAPI.DLL
0x0000000073aa0000 - 0x0000000073aaf000 	C:\Program Files\Java\jre7\bin\verify.dll
0x000000006e190000 - 0x000000006e1b8000 	C:\Program Files\Java\jre7\bin\java.dll
0x0000000073650000 - 0x0000000073665000 	C:\Program Files\Java\jre7\bin\zip.dll
0x0000000065550000 - 0x00000000656e5000 	C:\Program Files\Java\jre7\bin\awt.dll
0x000007feffb60000 - 0x000007feffc37000 	C:\Windows\system32\OLEAUT32.dll
0x000007fefdef0000 - 0x000007fefe0f3000 	C:\Windows\system32\ole32.dll
0x000000006e240000 - 0x000000006e259000 	C:\Program Files\Java\jre7\bin\net.dll
0x000007fefc9a0000 - 0x000007fefc9b6000 	C:\Windows\system32\PrxerDrv.dll
0x000007fefcfb0000 - 0x000007fefd005000 	C:\Windows\system32\mswsock.dll
0x000007fefcfa0000 - 0x000007fefcfa7000 	C:\Windows\System32\wship6.dll
0x000007fefade0000 - 0x000007fefadf5000 	C:\Windows\system32\NLAapi.dll
0x000007fef55e0000 - 0x000007fef55f5000 	C:\Windows\system32\napinsp.dll
0x000007fef55c0000 - 0x000007fef55d9000 	C:\Windows\system32\pnrpnsp.dll
0x000007fef55b0000 - 0x000007fef55c0000 	C:\Windows\system32\wshbth.dll
0x000007fef80d0000 - 0x000007fef80e2000 	C:\Windows\system32\PrxerNsp.dll
0x000007fefce30000 - 0x000007fefce8b000 	C:\Windows\system32\DNSAPI.dll
0x0000000071a30000 - 0x0000000071a5e000 	C:\Program Files\Common Files\Microsoft Shared\Windows Live\WLIDNSP.DLL
0x000007fef55a0000 - 0x000007fef55ab000 	C:\Windows\System32\winrnr.dll
0x000007fefc980000 - 0x000007fefc987000 	C:\Windows\System32\wshtcpip.dll
0x000007fefaa00000 - 0x000007fefaa27000 	C:\Windows\system32\IPHLPAPI.DLL
0x000007fefa9f0000 - 0x000007fefa9fb000 	C:\Windows\system32\WINNSI.DLL
0x000007fef7350000 - 0x000007fef7358000 	C:\Windows\system32\rasadhlp.dll
0x000007fefa860000 - 0x000007fefa8b3000 	C:\Windows\System32\fwpuclnt.dll
0x000007fefa3c0000 - 0x000007fefa3d8000 	C:\Windows\system32\dhcpcsvc.DLL
0x000007fefa390000 - 0x000007fefa3a1000 	C:\Windows\system32\dhcpcsvc6.DLL
0x000007fefbf50000 - 0x000007fefbfa6000 	C:\Windows\system32\uxtheme.dll
0x000007fefba10000 - 0x000007fefba28000 	C:\Windows\system32\dwmapi.dll
0x000007fefd6b0000 - 0x000007fefd6bf000 	C:\Windows\system32\CRYPTBASE.dll
0x000007fefea50000 - 0x000007feff7d8000 	C:\Windows\system32\SHELL32.dll
0x000007fef8ae0000 - 0x000007fef8cdf000 	C:\Windows\system32\d3d9.dll
0x000007fefc990000 - 0x000007fefc99c000 	C:\Windows\system32\VERSION.dll
0x000007fef8ad0000 - 0x000007fef8ad7000 	C:\Windows\system32\d3d8thk.dll
0x000007fee7d60000 - 0x000007fee8e16000 	C:\Windows\system32\nvd3dumx.dll
0x0000000180000000 - 0x0000000180142000 	C:\Windows\system32\nvspcap64.dll
0x000007fefd930000 - 0x000007fefda9c000 	C:\Windows\system32\CRYPT32.dll
0x000007fefd820000 - 0x000007fefd82f000 	C:\Windows\system32\MSASN1.dll
0x000007fef9d50000 - 0x000007fefa083000 	C:\Windows\system32\nvapi64.dll
0x000007fefdbd0000 - 0x000007fefdda7000 	C:\Windows\system32\SETUPAPI.dll
0x000007fefdb90000 - 0x000007fefdbc6000 	C:\Windows\system32\CFGMGR32.dll
0x000007fefdab0000 - 0x000007fefdaca000 	C:\Windows\system32\DEVOBJ.dll
0x000007fefb8a0000 - 0x000007fefb8cc000 	C:\Windows\system32\powrprof.dll
0x000007fef2100000 - 0x000007fef226a000 	C:\Program Files (x86)\NVIDIA Corporation\3D Vision\nvSCPAPI64.dll
0x0000000067870000 - 0x00000000678b7000 	C:\Program Files\Java\jre7\bin\fontmanager.dll
0x0000000067e20000 - 0x0000000067e31000 	C:\Program Files\Java\jre7\bin\nio.dll
0x0000000067a00000 - 0x0000000067a41000 	C:\Program Files\Java\jre7\bin\t2k.dll
0x0000000067d60000 - 0x0000000067d84000 	C:\Program Files\Java\jre7\bin\sunec.dll
0x000000006e280000 - 0x000000006e28b000 	C:\Program Files\Java\jre7\bin\sunmscapi.dll
0x000007fefd010000 - 0x000007fefd027000 	C:\Windows\system32\CRYPTSP.dll
0x000007fefcd10000 - 0x000007fefcd57000 	C:\Windows\system32\rsaenh.dll
0x000007fefdad0000 - 0x000007fefdaee000 	C:\Windows\system32\USERENV.dll
0x000007fefd810000 - 0x000007fefd81f000 	C:\Windows\system32\profapi.dll
0x0000000067840000 - 0x0000000067870000 	C:\Program Files\Java\jre7\bin\jpeg.dll
0x000000006e140000 - 0x000000006e14c000 	C:\Program Files\Java\jre7\bin\jsound.dll
0x0000000067e70000 - 0x0000000067e7b000 	C:\Program Files\Java\jre7\bin\jsoundds.dll
0x000007feefb90000 - 0x000007feefc18000 	C:\Windows\system32\DSOUND.dll
0x000007fefb980000 - 0x000007fefb9cb000 	C:\Windows\system32\MMDevAPI.DLL
0x000007fefbfb0000 - 0x000007fefc0dc000 	C:\Windows\system32\PROPSYS.dll
0x000007fefb040000 - 0x000007fefb07b000 	C:\Windows\system32\wdmaud.drv
0x00000000752a0000 - 0x00000000752a6000 	C:\Windows\system32\ksuser.dll
0x000007fefb890000 - 0x000007fefb899000 	C:\Windows\system32\AVRT.dll
0x000007fefaff0000 - 0x000007fefb03f000 	C:\Windows\system32\AUDIOSES.DLL
0x000007fefac70000 - 0x000007fefac7a000 	C:\Windows\system32\msacm32.drv
0x000007fefac40000 - 0x000007fefac58000 	C:\Windows\system32\MSACM32.dll
0x000007fefabb0000 - 0x000007fefabb9000 	C:\Windows\system32\midimap.dll
0x000007feffc40000 - 0x000007feffcd9000 	C:\Windows\system32\CLBCatQ.DLL

VM Arguments:
jvm_args: -Dfile.encoding=Cp1252 
java_command: vscapeClient.client
Launcher Type: SUN_STANDARD

Environment Variables:
PATH=ommonProgramFiles\Microsoft Shared\Windows Live;C:\Program Files (x86)\NVIDIA Corporation\PhysX\Common;C:\Windows\system32;C:\Windows;C:\Windows\System32\Wbem;C:\Windows\System32\WindowsPowerShell\v1.0\;C:\Program Files (x86)\ATI Technologies\ATI.ACE\Core-Static;C:\Program Files (x86)\Calibre2\;C:\Program Files (x86)\Livestreamer;C:\Program Files\Common Files\Microsoft Shared\Windows Live
USERNAME=Travis
OS=Windows_NT
PROCESSOR_IDENTIFIER=AMD64 Family 21 Model 2 Stepping 0, AuthenticAMD



---------------  S Y S T E M  ---------------

OS: Windows 7 , 64 bit Build 7601 Service Pack 1

CPU:total 8 (8 cores per cpu, 1 threads per core) family 21 model 2 stepping 0, cmov, cx8, fxsr, mmx, sse, sse2, sse3, ssse3, sse4.1, sse4.2, popcnt, avx, aes, mmxext, 3dnowpref, lzcnt, sse4a, tsc, tscinvbit, tscinv

Memory: 4k page, physical 8385760k(2423248k free), swap 8383896k(4976k free)

vm_info: Java HotSpot(TM) 64-Bit Server VM (24.55-b03) for windows-amd64 JRE (1.7.0_55-b13), built on Mar 17 2014 19:45:30 by "java_re" with unknown MS VC++:1600

time: Wed Aug 27 12:02:56 2014
elapsed time: 34 seconds

