#
# There is insufficient memory for the Java Runtime Environment to continue.
# Native memory allocation (malloc) failed to allocate 1048576 bytes for AllocateHeap
# Possible reasons:
#   The system is out of physical RAM or swap space
#   In 32 bit mode, the process size limit was hit
# Possible solutions:
#   Reduce memory load on the system
#   Increase physical memory or swap space
#   Check if swap backing store is full
#   Use 64 bit Java on a 64 bit OS
#   Decrease Java heap size (-Xmx/-Xms)
#   Decrease number of Java threads
#   Decrease Java thread stack sizes (-Xss)
#   Set larger code cache with -XX:ReservedCodeCacheSize=
# This output file may be truncated or incomplete.
#
#  Out of Memory Error (memory/allocation.inline.hpp:61), pid=6204, tid=7836
#
# JRE version:  (7.0_55-b13) (build )
# Java VM: Java HotSpot(TM) 64-Bit Server VM (24.55-b03 mixed mode windows-amd64 compressed oops)
# Failed to write core dump. Minidumps are not enabled by default on client versions of Windows
#

---------------  T H R E A D  ---------------

Current thread (0x0000000001c8d800):  JavaThread "Unknown thread" [_thread_in_vm, id=7836, stack(0x0000000002030000,0x0000000002130000)]

Stack: [0x0000000002030000,0x0000000002130000]

---------------  P R O C E S S  ---------------

Java Threads: ( => current thread )

Other Threads:

=>0x0000000001c8d800 (exited) JavaThread "Unknown thread" [_thread_in_vm, id=7836, stack(0x0000000002030000,0x0000000002130000)]

VM state:not at safepoint (normal execution)

VM Mutex/Monitor currently owned by a thread: None

Heap
 PSYoungGen      total 38912K, used 675K [0x00000007d5500000, 0x00000007d8000000, 0x0000000800000000)
  eden space 33792K, 2% used [0x00000007d5500000,0x00000007d55a8fc8,0x00000007d7600000)
  from space 5120K, 0% used [0x00000007d7b00000,0x00000007d7b00000,0x00000007d8000000)
  to   space 5120K, 0% used [0x00000007d7600000,0x00000007d7600000,0x00000007d7b00000)
 ParOldGen       total 87040K, used 0K [0x0000000780000000, 0x0000000785500000, 0x00000007d5500000)
  object space 87040K, 0% used [0x0000000780000000,0x0000000780000000,0x0000000785500000)
 PSPermGen       total 21504K, used 656K [0x000000077ae00000, 0x000000077c300000, 0x0000000780000000)
  object space 21504K, 3% used [0x000000077ae00000,0x000000077aea41e8,0x000000077c300000)

Card table byte_map: [0x0000000005130000,0x0000000005560000] byte_map_base: 0x0000000001559000

Polling page: 0x0000000001c60000

Code Cache  [0x0000000002130000, 0x00000000023a0000, 0x0000000005130000)
 total_blobs=37 nmethods=0 adapters=20 free_code_cache=48890Kb largest_free_block=50063104

Compilation events (0 events):
No events

GC Heap History (0 events):
No events

Deoptimization events (0 events):
No events

Internal exceptions (0 events):
No events

Events (10 events):
Event: 0.026 loading class 0x000000000a8a03e0
Event: 0.026 loading class 0x000000000a8a03e0 done
Event: 0.026 loading class 0x000000000a8a0430
Event: 0.026 loading class 0x000000000a8a0430 done
Event: 0.026 loading class 0x000000000a8a0480
Event: 0.027 loading class 0x000000000a8a0480 done
Event: 0.027 loading class 0x000000000a8a11e0
Event: 0.027 loading class 0x000000000a8a11e0 done
Event: 0.027 loading class 0x000000000a8a0e00
Event: 0.027 loading class 0x000000000a8a0e00 done


Dynamic libraries:
0x000000013fba0000 - 0x000000013fbd3000 	C:\Program Files\Java\jre7\bin\javaw.exe
0x0000000077790000 - 0x0000000077939000 	C:\Windows\SYSTEM32\ntdll.dll
0x0000000077670000 - 0x000000007778f000 	C:\Windows\system32\kernel32.dll
0x000007fefd900000 - 0x000007fefd96c000 	C:\Windows\system32\KERNELBASE.dll
0x000007fefe8d0000 - 0x000007fefe9ab000 	C:\Windows\system32\ADVAPI32.dll
0x000007fefde50000 - 0x000007fefdeef000 	C:\Windows\system32\msvcrt.dll
0x000007fefea40000 - 0x000007fefea5f000 	C:\Windows\SYSTEM32\sechost.dll
0x000007fefe6e0000 - 0x000007fefe80d000 	C:\Windows\system32\RPCRT4.dll
0x0000000077570000 - 0x000000007766a000 	C:\Windows\system32\USER32.dll
0x000007fefe000000 - 0x000007fefe067000 	C:\Windows\system32\GDI32.dll
0x000007fefe9b0000 - 0x000007fefe9be000 	C:\Windows\system32\LPK.dll
0x000007fefdc20000 - 0x000007fefdce9000 	C:\Windows\system32\USP10.dll
0x000007fefac10000 - 0x000007fefae04000 	C:\Windows\WinSxS\amd64_microsoft.windows.common-controls_6595b64144ccf1df_6.0.7601.17514_none_fa396087175ac9ac\COMCTL32.dll
0x000007fefe9c0000 - 0x000007fefea31000 	C:\Windows\system32\SHLWAPI.dll
0x000007fefdb90000 - 0x000007fefdbbe000 	C:\Windows\system32\IMM32.DLL
0x000007fefdef0000 - 0x000007fefdff9000 	C:\Windows\system32\MSCTF.dll
0x000000006c060000 - 0x000000006c132000 	C:\Program Files\Java\jre7\bin\msvcr100.dll
0x000000006adc0000 - 0x000000006b589000 	C:\Program Files\Java\jre7\bin\server\jvm.dll
0x000007fef5660000 - 0x000007fef5669000 	C:\Windows\system32\WSOCK32.dll
0x000007fefdbc0000 - 0x000007fefdc0d000 	C:\Windows\system32\WS2_32.dll
0x000007fefdc10000 - 0x000007fefdc18000 	C:\Windows\system32\NSI.dll
0x000007fefbc20000 - 0x000007fefbc5b000 	C:\Windows\system32\WINMM.dll
0x0000000077950000 - 0x0000000077957000 	C:\Windows\system32\PSAPI.DLL
0x00000000713c0000 - 0x00000000713cf000 	C:\Program Files\Java\jre7\bin\verify.dll
0x000000006d870000 - 0x000000006d898000 	C:\Program Files\Java\jre7\bin\java.dll
0x000000006e950000 - 0x000000006e965000 	C:\Program Files\Java\jre7\bin\zip.dll

VM Arguments:
jvm_args: -Dfile.encoding=Cp1252 
java_command: vscapeClient.client
Launcher Type: SUN_STANDARD

Environment Variables:
PATH=C:\Program Files\Common Files\Microsoft Shared\Windows Live;C:\Program Files (x86)\NVIDIA Corporation\PhysX\Common;C:\Windows\system32;C:\Windows;C:\Windows\System32\Wbem;C:\Windows\System32\WindowsPowerShell\v1.0\;C:\Program Files (x86)\ATI Technologies\ATI.ACE\Core-Static;C:\Program Files (x86)\Calibre2\;C:\Program Files (x86)\Livestreamer;C:\Program Files\Common Files\Microsoft Shared\Windows Live
USERNAME=Travis
OS=Windows_NT
PROCESSOR_IDENTIFIER=AMD64 Family 21 Model 2 Stepping 0, AuthenticAMD



---------------  S Y S T E M  ---------------

OS: Windows 7 , 64 bit Build 7601 Service Pack 1

CPU:total 8 (8 cores per cpu, 1 threads per core) family 21 model 2 stepping 0, cmov, cx8, fxsr, mmx, sse, sse2, sse3, ssse3, sse4.1, sse4.2, popcnt, avx, aes, mmxext, 3dnowpref, lzcnt, sse4a, tsc, tscinvbit, tscinv

Memory: 4k page, physical 8385756k(3415424k free), swap 8383892k(5060k free)

vm_info: Java HotSpot(TM) 64-Bit Server VM (24.55-b03) for windows-amd64 JRE (1.7.0_55-b13), built on Mar 17 2014 19:45:30 by "java_re" with unknown MS VC++:1600

time: Mon Aug 04 12:40:41 2014
elapsed time: 0 seconds

